<?xml version="1.0" encoding="UTF-8"?>
<robot generator="Robot 5.0.1 (Python 3.10.4 on win32)" generated="20220606 23:27:10.297" rpa="false" schemaversion="3">
<suite id="s1" name="Test" source="C:\qaninja\robot\test.robot">
<test id="s1-t1" name="Deve retornar mensagem de boas vindas" line="6">
<kw name="Welcome" library="app">
<var>${result}</var>
<arg>Aline</arg>
<msg timestamp="20220606 23:27:10.321" level="INFO">${result} = Olá Aline, Bem-vindo ao curso básico de robot Framework</msg>
<status status="PASS" starttime="20220606 23:27:10.321" endtime="20220606 23:27:10.321"/>
</kw>
<kw name="Should Be Equal" library="BuiltIn">
<arg>${result}</arg>
<arg>Olá Aline, Bem-vindo ao curso básico de robot Framework</arg>
<doc>Fails if the given objects are unequal.</doc>
<status status="PASS" starttime="20220606 23:27:10.322" endtime="20220606 23:27:10.322"/>
</kw>
<status status="PASS" starttime="20220606 23:27:10.320" endtime="20220606 23:27:10.322"/>
</test>
<status status="PASS" starttime="20220606 23:27:10.299" endtime="20220606 23:27:10.324"/>
</suite>
<statistics>
<total>
<stat pass="1" fail="0" skip="0">All Tests</stat>
</total>
<tag>
</tag>
<suite>
<stat pass="1" fail="0" skip="0" id="s1" name="Test">Test</stat>
</suite>
</statistics>
<errors>
</errors>
</robot>
