<?xml version="1.0" encoding="UTF-8"?>
<robot generator="Robot 5.0.1 (Python 3.10.4 on win32)" generated="20220701 20:40:17.230" rpa="false" schemaversion="3">
<suite id="s1" name="Loguin Form" source="C:\qaninja\robot\web\tests\loguin_form.robot">
<test id="s1-t1" name="Senha invalida" line="15">
<kw name="Nova sessão" library="base" type="SETUP">
<kw name="Open Browser" library="SeleniumLibrary">
<arg>${url}</arg>
<arg>chrome</arg>
<doc>Opens a new browser instance to the optional ``url``.</doc>
<msg timestamp="20220701 20:40:17.730" level="INFO">Opening browser 'chrome' to base url 'https://training-wheels-protocol.herokuapp.com'.</msg>
<status status="PASS" starttime="20220701 20:40:17.730" endtime="20220701 20:40:25.001"/>
</kw>
<status status="PASS" starttime="20220701 20:40:17.730" endtime="20220701 20:40:25.002"/>
</kw>
<kw name="Go To" library="SeleniumLibrary">
<arg>${url}/login</arg>
<doc>Navigates the current browser window to the provided ``url``.</doc>
<msg timestamp="20220701 20:40:25.004" level="INFO">Opening url 'https://training-wheels-protocol.herokuapp.com/login'</msg>
<status status="PASS" starttime="20220701 20:40:25.003" endtime="20220701 20:40:25.872"/>
</kw>
<kw name="Loguin With">
<arg>stark</arg>
<arg>acb123</arg>
<kw name="Input Text" library="SeleniumLibrary">
<arg>css:input[name=username]</arg>
<arg>${uname}</arg>
<doc>Types the given ``text`` into the text field identified by ``locator``.</doc>
<msg timestamp="20220701 20:40:25.875" level="INFO">Typing text 'stark' into text field 'css:input[name=username]'.</msg>
<status status="PASS" starttime="20220701 20:40:25.874" endtime="20220701 20:40:26.014"/>
</kw>
<kw name="Input Text" library="SeleniumLibrary">
<arg>css:input[name=password]</arg>
<arg>${pass}</arg>
<doc>Types the given ``text`` into the text field identified by ``locator``.</doc>
<msg timestamp="20220701 20:40:26.015" level="INFO">Typing text 'acb123' into text field 'css:input[name=password]'.</msg>
<status status="PASS" starttime="20220701 20:40:26.014" endtime="20220701 20:40:26.145"/>
</kw>
<kw name="Click Element" library="SeleniumLibrary">
<arg>class:btn-login</arg>
<doc>Click the element identified by ``locator``.</doc>
<msg timestamp="20220701 20:40:26.145" level="INFO">Clicking element 'class:btn-login'.</msg>
<status status="PASS" starttime="20220701 20:40:26.145" endtime="20220701 20:40:26.762"/>
</kw>
<status status="PASS" starttime="20220701 20:40:25.874" endtime="20220701 20:40:26.763"/>
</kw>
<kw name="Should Contain Loguin Alert">
<arg>Senha é invalida!</arg>
<kw name="Get WebElement" library="SeleniumLibrary">
<var>${message}</var>
<arg>id:flash</arg>
<doc>Returns the first WebElement matching the given ``locator``.</doc>
<msg timestamp="20220701 20:40:26.779" level="INFO">${message} = &lt;selenium.webdriver.remote.webelement.WebElement (session="00e5f090d95d3bf3b3cccaf0203fb3bb", element="b2870a46-6bc6-4cda-bc2c-c8cdb9d988af")&gt;</msg>
<status status="PASS" starttime="20220701 20:40:26.764" endtime="20220701 20:40:26.779"/>
</kw>
<kw name="Should Contain" library="BuiltIn">
<arg>${message.text}</arg>
<arg>${expect_message}</arg>
<doc>Fails if ``container`` does not contain ``item`` one or more times.</doc>
<status status="PASS" starttime="20220701 20:40:26.779" endtime="20220701 20:40:26.796"/>
</kw>
<status status="PASS" starttime="20220701 20:40:26.764" endtime="20220701 20:40:26.796"/>
</kw>
<kw name="Encerra sessão" library="base" type="TEARDOWN">
<kw name="Capture Page Screenshot" library="SeleniumLibrary">
<doc>Takes a screenshot of the current page and embeds it into a log file.</doc>
<msg timestamp="20220701 20:40:26.960" level="INFO" html="true">&lt;/td&gt;&lt;/tr&gt;&lt;tr&gt;&lt;td colspan="3"&gt;&lt;a href="selenium-screenshot-2.png"&gt;&lt;img src="selenium-screenshot-2.png" width="800px"&gt;&lt;/a&gt;</msg>
<status status="PASS" starttime="20220701 20:40:26.798" endtime="20220701 20:40:26.960"/>
</kw>
<kw name="Close Browser" library="SeleniumLibrary">
<doc>Closes the current browser.</doc>
<status status="PASS" starttime="20220701 20:40:26.960" endtime="20220701 20:40:29.101"/>
</kw>
<status status="PASS" starttime="20220701 20:40:26.798" endtime="20220701 20:40:29.102"/>
</kw>
<tag>login_error</tag>
<status status="PASS" starttime="20220701 20:40:17.729" endtime="20220701 20:40:29.105"/>
</test>
<status status="PASS" starttime="20220701 20:40:17.234" endtime="20220701 20:40:29.127"/>
</suite>
<statistics>
<total>
<stat pass="1" fail="0" skip="0">All Tests</stat>
</total>
<tag>
<stat pass="1" fail="0" skip="0">login_error</stat>
</tag>
<suite>
<stat pass="1" fail="0" skip="0" id="s1" name="Loguin Form">Loguin Form</stat>
</suite>
</statistics>
<errors>
</errors>
</robot>
